
Showing logs for build [32mcb-kubecd-bdd-gh-1584765570-pr-klj86-1[0m stage [32mfrom-build-pack[0m and container [32mstep-credential-initializer-2cgw2[0m
{"level":"warn","ts":1584766949.7870789,"logger":"fallback-logger","caller":"logging/config.go:69","msg":"Fetch GitHub commit ID from kodata failed: \"ref: refs/heads/0.8.0-**-support-backwards-incompats\" is not a valid GitHub commit ID"}
{"level":"info","ts":1584766949.7876236,"logger":"fallback-logger","caller":"creds-init/main.go:40","msg":"Credentials initialized."}

Showing logs for build [32mcb-kubecd-bdd-gh-1584765570-pr-klj86-1[0m stage [32mfrom-build-pack[0m and container [32mstep-working-dir-initializer-tszq7[0m
{"level":"warn","ts":1584766951.151989,"logger":"fallback-logger","caller":"logging/config.go:69","msg":"Fetch GitHub commit ID from kodata failed: open /var/run/ko/HEAD: no such file or directory"}
{"level":"info","ts":1584766951.154222,"logger":"fallback-logger","caller":"bash/main.go:64","msg":"Successfully executed command \"sh -c mkdir -p /workspace/source\"; output "}

Showing logs for build [32mcb-kubecd-bdd-gh-1584765570-pr-klj86-1[0m stage [32mfrom-build-pack[0m and container [32mstep-place-tools[0m

Showing logs for build [32mcb-kubecd-bdd-gh-1584765570-pr-klj86-1[0m stage [32mfrom-build-pack[0m and container [32mstep-git-source-cb-kubecd-bdd-gh-1584765570-pr-klj86-hhmm7[0m
{"level":"warn","ts":1584766958.377855,"logger":"fallback-logger","caller":"logging/config.go:69","msg":"Fetch GitHub commit ID from kodata failed: \"ref: refs/heads/0.8.0-**-support-backwards-incompats\" is not a valid GitHub commit ID"}
{"level":"info","ts":1584766959.4718862,"logger":"fallback-logger","caller":"git/git.go:103","msg":"Successfully cloned https://github.com/cb-kubecd/bdd-gh-1584765570.git @ master in path /workspace/source"}

Showing logs for build [32mcb-kubecd-bdd-gh-1584765570-pr-klj86-1[0m stage [32mfrom-build-pack[0m and container [32mstep-git-merge[0m
Using SHAs from PULL_REFS=master:57920a89bd3b40f75235f2d5cf0cbc9f4a2ad51d,1:7a6751e2dc5f1b3a81d7da06eb198485c8b28ae6
DEBUG: LC_ALL=C JX_LOG_LEVEL=error git fetch origin --unshallow 7a6751e2dc5f1b3a81d7da06eb198485c8b28ae6: 57920a89bd3b40f75235f2d5cf0cbc9f4a2ad51d:
DEBUG: ran git fetch --unshallow origin 7a6751e2dc5f1b3a81d7da06eb198485c8b28ae6: 57920a89bd3b40f75235f2d5cf0cbc9f4a2ad51d: in 
DEBUG: LC_ALL=C JX_LOG_LEVEL=error git branch
DEBUG: JX_LOG_LEVEL=error LC_ALL=C git checkout master
DEBUG: ran git checkout master in 
DEBUG: LC_ALL=C JX_LOG_LEVEL=error git reset --hard 57920a89bd3b40f75235f2d5cf0cbc9f4a2ad51d
DEBUG: ran git reset --hard 57920a89bd3b40f75235f2d5cf0cbc9f4a2ad51d in 
DEBUG: JX_LOG_LEVEL=error LC_ALL=C git clean -fd .
DEBUG: ran clean --force -d . in 
DEBUG: LC_ALL=C JX_LOG_LEVEL=error git merge 7a6751e2dc5f1b3a81d7da06eb198485c8b28ae6
DEBUG: ran git merge 7a6751e2dc5f1b3a81d7da06eb198485c8b28ae6 in 
DEBUG: LC_ALL=C JX_LOG_LEVEL=error git log --format=%H%x1f%an%x1f%ae%x1f%cn%x1f%ce%x1f%s%n%b%x1e 57920a89bd3b40f75235f2d5cf0cbc9f4a2ad51d..HEAD
Merged SHA 7a6751e2dc5f1b3a81d7da06eb198485c8b28ae6 with commit message 'My first PR commit' into base branch master

Showing logs for build [32mcb-kubecd-bdd-gh-1584765570-pr-klj86-1[0m stage [32mfrom-build-pack[0m and container [32mstep-build-make-linux[0m
CGO_ENABLED=0 GOOS=linux GOARCH=amd64 GO15VENDOREXPERIMENT=1 go build -ldflags '' -o bin/bdd-gh-1584765570 main.go

Showing logs for build [32mcb-kubecd-bdd-gh-1584765570-pr-klj86-1[0m stage [32mfrom-build-pack[0m and container [32mstep-build-container-build[0m
[36mINFO[0m[0000] No base image, nothing to extract            
[36mINFO[0m[0000] cmd: EXPOSE                                  
[36mINFO[0m[0000] Adding exposed port: 8080/tcp                
[36mINFO[0m[0000] Using files from context: [/workspace/source/bin] 
[36mINFO[0m[0000] Skipping unpacking as no commands require it. 
[36mINFO[0m[0000] Taking snapshot of full filesystem...        
[36mINFO[0m[0000] EXPOSE 8080                                  
[36mINFO[0m[0000] cmd: EXPOSE                                  
[36mINFO[0m[0000] Adding exposed port: 8080/tcp                
[36mINFO[0m[0000] No files changed in this command, skipping snapshotting. 
[36mINFO[0m[0000] ENTRYPOINT ["/bdd-gh-1584765570"]            
[36mINFO[0m[0000] No files changed in this command, skipping snapshotting. 
[36mINFO[0m[0000] Using files from context: [/workspace/source/bin] 
[36mINFO[0m[0000] COPY ./bin/ /                                
[36mINFO[0m[0000] Taking snapshot of files...                  
2020/03/21 05:02:56 pushed blob: sha256:c0ffe977adee5eb0f9e2c180c9602daba19a51d315e87fc72f89e39024a6add3
2020/03/21 05:02:57 pushed blob: sha256:1b3f8f2b84b8b5f475688674048981b10b5d8649debc24c75f9a5347de12bbc1
2020/03/21 05:02:58 gcr.io/jenkins-x-bdd3/bdd-gh-1584765570:0.0.0-SNAPSHOT-PR-1-1: digest: sha256:b08b2c62daa7ee3f73fdba0171d443c100c94c45ab56f6db35584cad03e19d93 size: 428

Showing logs for build [32mcb-kubecd-bdd-gh-1584765570-pr-klj86-1[0m stage [32mfrom-build-pack[0m and container [32mstep-postbuild-post-build[0m
no CVE provider running in the current ** namespace so skip adding image to be analysed

Showing logs for build [32mcb-kubecd-bdd-gh-1584765570-pr-klj86-1[0m stage [32mfrom-build-pack[0m and container [32mstep-promote-make-preview[0m
sed -i -e "s/version:.*/version: 0.0.0-SNAPSHOT-PR-1-1/" Chart.yaml
sed -i -e "s/version:.*/version: 0.0.0-SNAPSHOT-PR-1-1/" ../*/Chart.yaml
sed -i -e "s|repository:.*|repository: gcr.io\/jenkins-x-bdd3\/bdd-gh-1584765570|" values.yaml
sed -i -e "s/tag:.*/tag: 0.0.0-SNAPSHOT-PR-1-1/" values.yaml
echo "  version: 0.0.0-SNAPSHOT-PR-1-1" >> requirements.yaml
** step helm build
WARNING: No $CHART_REPOSITORY defined so using the default value of: http://jenkins-x-chartmuseum:8080
Adding missing Helm repo: storage.googleapis.com https://storage.googleapis.com/chartmuseum.jenkins-x.io
WARNING: No secrets found on "helm/repos" due: reading the secret "helm/repos" from vault: no secret "helm/repos" not found in vault
Read credentials for https://storage.googleapis.com/chartmuseum.jenkins-x.io from vault helm/repos
Successfully added Helm repository storage.googleapis.com.
Adding missing Helm repo: jenkins-x-chartmuseum http://jenkins-x-chartmuseum:8080
WARNING: No secrets found on "helm/repos" due: reading the secret "helm/repos" from vault: no secret "helm/repos" not found in vault
Read credentials for http://jenkins-x-chartmuseum:8080 from vault helm/repos
Successfully added Helm repository jenkins-x-chartmuseum.
WARNING: No $CHART_REPOSITORY defined so using the default value of: http://jenkins-x-chartmuseum:8080
Adding missing Helm repo: chartmuseum.jenkins-x.io http://chartmuseum.jenkins-x.io
WARNING: No secrets found on "helm/repos" due: reading the secret "helm/repos" from vault: no secret "helm/repos" not found in vault
Read credentials for http://chartmuseum.jenkins-x.io from vault helm/repos
Successfully added Helm repository chartmuseum.jenkins-x.io.

Showing logs for build [32mcb-kubecd-bdd-gh-1584765570-pr-klj86-1[0m stage [32mfrom-build-pack[0m and container [32mstep-promote-jx-preview[0m
Creating a preview
Created environment cb-kubecd-bdd-gh-1584765570-pr-1
Namespace **-cb-kubecd-bdd-gh-1584765570-pr-1 created 
expose:
  Annotations:
    helm.sh/hook: post-install,post-upgrade
    helm.sh/hook-delete-policy: hook-succeeded
  config:
    domain: 35.205.244.78.nip.io
    exposer: Ingress
    http: "true"
preview:
  image:
    repository: gcr.io/jenkins-x-bdd3/bdd-gh-1584765570
    tag: 0.0.0-SNAPSHOT-PR-1-1

Updating PipelineActivities cb-kubecd-bdd-gh-1584765570-pr-1-1 which has status Running
Preview application is now available at: http://bdd-gh-1584765570.**-cb-kubecd-bdd-gh-1584765570-pr-1.35.205.244.78.nip.io
